<?xml version="1.0" encoding="UTF-8"?>
<testsuites name="APDS Collection" tests="7" time="0.477">
  <testsuite name="Login Test" id="062ce2ec-bef6-4c41-b0ea-91ed41e4e296" timestamp="2024-11-11T17:59:20.237Z" tests="2" failures="0" errors="0" time="0.145">
    <testcase name="Status code is 200" time="0.145" classname="LoginTest"/>
    <testcase name="Response contains 'status' field with value 'success'" time="0.145" classname="LoginTest"/>
  </testsuite>
  <testsuite name="EmployeeLogin Test" id="eaaa887d-634d-4357-822c-e35883e9014f" timestamp="2024-11-11T17:59:20.237Z" tests="2" failures="0" errors="0" time="0.080">
    <testcase name="Status code is 200" time="0.080" classname="EmployeeLoginTest"/>
    <testcase name="Response contains 'status' field with value 'success'" time="0.080" classname="EmployeeLoginTest"/>
  </testsuite>
  <testsuite name="CustomerPayments" id="71704cf7-22c6-4d21-97bc-425341a7622e" timestamp="2024-11-11T17:59:20.237Z" tests="3" failures="2" errors="0" time="0.039">
    <testcase name="Status code is 200" time="0.039" classname="CustomerPayments"/>
    <testcase name="Response is in JSON format" time="0.039" classname="CustomerPayments"/>
    <testcase name="Customers data is returned" time="0.039" classname="CustomerPayments">
      <failure type="AssertionFailure" message="expected '1000' to be a number">
        <![CDATA[Failed 2 times.]]>
        <![CDATA[Collection JSON ID: 2f76701c-b13d-488f-a84b-52315d8481a3.]]>
        <![CDATA[Collection name: APDS Collection.]]>
        <![CDATA[Request name: CustomerPayments.]]>
        <![CDATA[Test description: Customers data is returned.]]>
        <![CDATA[Error message: expected '1000' to be a number.]]>
        <![CDATA[Stacktrace: AssertionError: expected '1000' to be a number
   at Object.eval sandbox-script.js:3:3).]]>
      </failure>
    </testcase>
  </testsuite>
  <testsuite name="ReigsterCustomer" id="35804e88-225c-4471-87a9-1e8e7092f647" timestamp="2024-11-11T17:59:20.237Z" tests="2" failures="4" errors="0" time="0.003">
    <testcase name="Status code is 201" time="0.003" classname="ReigsterCustomer">
      <failure type="AssertionFailure" message="expected response to have status code 201 but got 429">
        <![CDATA[Failed 2 times.]]>
        <![CDATA[Collection JSON ID: 2f76701c-b13d-488f-a84b-52315d8481a3.]]>
        <![CDATA[Collection name: APDS Collection.]]>
        <![CDATA[Request name: ReigsterCustomer.]]>
        <![CDATA[Test description: Status code is 201.]]>
        <![CDATA[Error message: expected response to have status code 201 but got 429.]]>
        <![CDATA[Stacktrace: AssertionError: expected response to have status code 201 but got 429
   at Object.eval sandbox-script.js:1:4).]]>
      </failure>
    </testcase>
    <testcase name="User registration success message" time="0.003" classname="ReigsterCustomer">
      <failure type="AssertionFailure" message="expected undefined to deeply equal 'success'">
        <![CDATA[Failed 2 times.]]>
        <![CDATA[Collection JSON ID: 2f76701c-b13d-488f-a84b-52315d8481a3.]]>
        <![CDATA[Collection name: APDS Collection.]]>
        <![CDATA[Request name: ReigsterCustomer.]]>
        <![CDATA[Test description: User registration success message.]]>
        <![CDATA[Error message: expected undefined to deeply equal 'success'.]]>
        <![CDATA[Stacktrace: AssertionError: expected undefined to deeply equal 'success'
   at Object.eval sandbox-script.js:2:4).]]>
      </failure>
    </testcase>
  </testsuite>
  <testsuite name="RegisterEmployee" id="eec260a6-c6bd-4318-9ce6-fa204c3b2277" timestamp="2024-11-11T17:59:20.237Z" tests="2" failures="4" errors="0" time="0.003">
    <testcase name="Status code is 201" time="0.003" classname="RegisterEmployee">
      <failure type="AssertionFailure" message="expected response to have status code 201 but got 400">
        <![CDATA[Failed 2 times.]]>
        <![CDATA[Collection JSON ID: 2f76701c-b13d-488f-a84b-52315d8481a3.]]>
        <![CDATA[Collection name: APDS Collection.]]>
        <![CDATA[Request name: RegisterEmployee.]]>
        <![CDATA[Test description: Status code is 201.]]>
        <![CDATA[Error message: expected response to have status code 201 but got 400.]]>
        <![CDATA[Stacktrace: AssertionError: expected response to have status code 201 but got 400
   at Object.eval sandbox-script.js:1:5).]]>
      </failure>
    </testcase>
    <testcase name="User registration success message" time="0.003" classname="RegisterEmployee">
      <failure type="AssertionFailure" message="Unexpected token '&lt;' at 1:1&#xA;&lt;!DOCTYPE html>&#xA;^">
        <![CDATA[Failed 2 times.]]>
        <![CDATA[Collection JSON ID: 2f76701c-b13d-488f-a84b-52315d8481a3.]]>
        <![CDATA[Collection name: APDS Collection.]]>
        <![CDATA[Request name: RegisterEmployee.]]>
        <![CDATA[Test description: User registration success message.]]>
        <![CDATA[Error message: Unexpected token '<' at 1:1
<!DOCTYPE html>
^.]]>
        <![CDATA[Stacktrace: JSONError: Unexpected token '<' at 1:1
<!DOCTYPE html>
^
   at Object.eval sandbox-script.js:2:5).]]>
      </failure>
    </testcase>
  </testsuite>
  <testsuite name="payments test" id="f3e68229-ac67-45b8-9d20-e406a68da3ae" timestamp="2024-11-11T17:59:20.237Z" tests="3" failures="4" errors="0" time="0.004">
    <testcase name="Payment details updated successfully" time="0.004" classname="PaymentsTest">
      <failure type="AssertionFailure" message="expected response to have status code 200 but got 401">
        <![CDATA[Failed 2 times.]]>
        <![CDATA[Collection JSON ID: 2f76701c-b13d-488f-a84b-52315d8481a3.]]>
        <![CDATA[Collection name: APDS Collection.]]>
        <![CDATA[Request name: payments test.]]>
        <![CDATA[Test description: Payment details updated successfully.]]>
        <![CDATA[Error message: expected response to have status code 200 but got 401.]]>
        <![CDATA[Stacktrace: AssertionError: expected response to have status code 200 but got 401
   at Object.eval sandbox-script.js:1:6).]]>
      </failure>
    </testcase>
    <testcase name="Payment details are correctly saved" time="0.004" classname="PaymentsTest">
      <failure type="AssertionFailure" message="expected { Object (message) } to have property 'success'">
        <![CDATA[Failed 2 times.]]>
        <![CDATA[Collection JSON ID: 2f76701c-b13d-488f-a84b-52315d8481a3.]]>
        <![CDATA[Collection name: APDS Collection.]]>
        <![CDATA[Request name: payments test.]]>
        <![CDATA[Test description: Payment details are correctly saved.]]>
        <![CDATA[Error message: expected { Object (message) } to have property 'success'.]]>
        <![CDATA[Stacktrace: AssertionError: expected { Object (message) } to have property 'success'
   at Object.eval sandbox-script.js:2:6).]]>
      </failure>
    </testcase>
    <testcase name="User ID is valid" time="0.004" classname="PaymentsTest"/>
  </testsuite>
  <testsuite name="account details" id="e349df38-ed94-4f11-8103-02f20e3ed89e" timestamp="2024-11-11T17:59:20.237Z" tests="3" failures="4" errors="0" time="0.077">
    <testcase name="Account details updated successfully" time="0.077" classname="AccountDetails"/>
    <testcase name="Account details are correctly saved" time="0.077" classname="AccountDetails">
      <failure type="AssertionFailure" message="Target cannot be null or undefined.">
        <![CDATA[Failed 2 times.]]>
        <![CDATA[Collection JSON ID: 2f76701c-b13d-488f-a84b-52315d8481a3.]]>
        <![CDATA[Collection name: APDS Collection.]]>
        <![CDATA[Request name: account details.]]>
        <![CDATA[Test description: Account details are correctly saved.]]>
        <![CDATA[Error message: Target cannot be null or undefined..]]>
        <![CDATA[Stacktrace: AssertionError: Target cannot be null or undefined.
   at Object.eval sandbox-script.js:2:7).]]>
      </failure>
    </testcase>
    <testcase name="User ID is valid" time="0.077" classname="AccountDetails">
      <failure type="AssertionFailure" message="Cannot read properties of undefined (reading 'id')">
        <![CDATA[Failed 2 times.]]>
        <![CDATA[Collection JSON ID: 2f76701c-b13d-488f-a84b-52315d8481a3.]]>
        <![CDATA[Collection name: APDS Collection.]]>
        <![CDATA[Request name: account details.]]>
        <![CDATA[Test description: User ID is valid.]]>
        <![CDATA[Error message: Cannot read properties of undefined (reading 'id').]]>
        <![CDATA[Stacktrace: TypeError: Cannot read properties of undefined (reading 'id')
   at Object.eval sandbox-script.js:3:7).]]>
      </failure>
    </testcase>
  </testsuite>
</testsuites>